<?xml version="1.0" encoding="UTF-8"?>
<testng-results ignored="0" total="1" passed="1" failed="0" skipped="0">
  <reporter-output>
  </reporter-output>
  <suite started-at="2023-11-08T16:16:26 IST" name="Default suite" finished-at="2023-11-08T16:17:55 IST" duration-ms="89669">
    <groups>
    </groups>
    <test started-at="2023-11-08T16:16:26 IST" name="Default test" finished-at="2023-11-08T16:17:55 IST" duration-ms="89669">
      <class name="test.SoloCabTest">
        <test-method is-config="true" signature="setvalues()[pri:0, instance:test.SoloCabTest@1bb5a082]" started-at="2023-11-08T16:16:26 IST" name="setvalues" finished-at="2023-11-08T16:16:32 IST" duration-ms="6198" status="PASS">
          <reporter-output>
          </reporter-output>
        </test-method> <!-- setvalues -->
        <test-method is-config="true" signature="urlloading()[pri:0, instance:test.SoloCabTest@1bb5a082]" started-at="2023-11-08T16:16:32 IST" name="urlloading" finished-at="2023-11-08T16:16:37 IST" duration-ms="5494" status="PASS">
          <reporter-output>
          </reporter-output>
        </test-method> <!-- urlloading -->
        <test-method signature="Bazar1()[pri:0, instance:test.SoloCabTest@1bb5a082]" started-at="2023-11-08T16:16:37 IST" name="Bazar1" finished-at="2023-11-08T16:17:55 IST" duration-ms="77856" status="PASS">
          <reporter-output>
          </reporter-output>
        </test-method> <!-- Bazar1 -->
        <test-method is-config="true" signature="ends()[pri:0, instance:test.SoloCabTest@1bb5a082]" started-at="2023-11-08T16:17:55 IST" name="ends" finished-at="2023-11-08T16:17:55 IST" duration-ms="1" status="PASS">
          <reporter-output>
          </reporter-output>
        </test-method> <!-- ends -->
      </class> <!-- test.SoloCabTest -->
    </test> <!-- Default test -->
  </suite> <!-- Default suite -->
</testng-results>
